Vivado Simulator 2020.2
Copyright 1986-1999, 2001-2020 Xilinx, Inc. All Rights Reserved.
Running: C:/appz/Xilinx/Vivado/2020.2/bin/unwrapped/win64.o/xelab.exe -wto c8f0a1abb7094f68a7c0f5336e5ed403 --incr --debug typical --relax --mt 2 -L xil_defaultlib -L secureip --snapshot top_level_tb_behav xil_defaultlib.top_level_tb -log elaborate.log 
Using 2 slave threads.
Starting static elaboration
Completed static elaboration
Starting simulation data flow analysis
Completed simulation data flow analysis
Time Resolution for simulation is 1ps
Compiling package std.standard
Compiling package std.textio
Compiling package ieee.std_logic_1164
Compiling package ieee.std_logic_arith
Compiling package ieee.std_logic_unsigned
Compiling package ieee.numeric_std
Compiling architecture behavioral of entity xil_defaultlib.mux_4_seg [mux_4_seg_default]
Compiling architecture behavioral of entity xil_defaultlib.bin2seg [bin2seg_default]
Compiling architecture behavioral of entity xil_defaultlib.clock_en [clock_en_default]
Compiling architecture behavioral of entity xil_defaultlib.countdown_timer [countdown_timer_default]
Compiling architecture behavioral of entity xil_defaultlib.top_level [top_level_default]
Compiling architecture behavior of entity xil_defaultlib.top_level_tb
Built simulation snapshot top_level_tb_behav
